[2026/01/27]=INFO= [LoadRegistryParameters] LogLevel is 4.=INFO= 
[2026/01/27]=INFO= [LoadRegistryParameters] LogLevel is 4.=INFO= 
[2026/01/27]=INFO= [LoadRegistryParameters] LogLevel is 4.=INFO= 
[2026/01/27]=INFO= The Registry Key for the game didnt exist! created a new registry key=INFO= 
[2026/01/27]=INFO= The Registry Sub Key for the game didnt exist! created a new registry key=INFO= 
[2026/01/27]=INFO= [LoadRegistryParameters] Registry value 'LogLevel' not found. Using default of 0. (LOG_LEVEL_NONE)=INFO= 
[2026/01/27]=INFO= The Registry Key for the game already exists!=INFO= 
[2026/01/27]=INFO= [LoadRegistryParameters] Registry value 'LogLevel' not found. Using default of 0. (LOG_LEVEL_NONE)=INFO= 
[2026/01/27]=INFO= The Registry Key for the game already exists!=INFO= 
[2026/01/27]=INFO= The Registry Key for the game already exists!=INFO= 
[2026/01/27]=INFO= [LoadRegistryParameters] LogLevel is 3.=INFO= 
[2026/01/27]=INFO= The Registry Key for the game didnt exist! created a new registry key=INFO= 
[2026/01/27]=INFO= The Registry Sub Key for the game didnt exist! created a new registry key=INFO= 
[2026/01/27]=INFO= The Registry Sub Key for the game didnt exist! created a new registry key=INFO= 
[2026/01/27]=INFO= [LoadRegistryParameters] LogLevel is 3.=INFO= 
[2026/01/27]=INFO= The Registry Key for the game already exists!=INFO= 
[2026/01/27]=INFO= The Registry Key for the game already exists!=INFO= 
[2026/01/27]=INFO= [LoadRegistryParameters] LogLevel is 3.=INFO= 
[2026/01/27 22:16:46=INFO= The Registry Key for the game already exists!=INFO= 
[2026/01/27 22:16:46=INFO= [LoadRegistryParameters] LogLevel is 3.=INFO= 
[2026/04/9 20:39:49=INFO= The Registry Key for the game already exists!=INFO= 
[2026/04/9 20:39:49=INFO= [LoadRegistryParameters] LogLevel is 3.=INFO= 
[2026/04/9 20:40:48=INFO= The Registry Key for the game already exists!=INFO= 
[2026/04/9 20:40:48=INFO= [LoadRegistryParameters] LogLevel is 3.=INFO= 
[2026/04/9 20:45:20=INFO= The Registry Key for the game already exists!=INFO= 
[2026/04/9 20:45:20=INFO= [LoadRegistryParameters] LogLevel is 3.=INFO= 
[2026/04/9 20:46:35=INFO= The Registry Key for the game already exists!=INFO= 
[2026/04/9 20:46:35=INFO= [LoadRegistryParameters] LogLevel is 3.=INFO= 
[2026/04/9 20:46:45=INFO= The Registry Key for the game already exists!=INFO= 
[2026/04/9 20:46:45=INFO= [LoadRegistryParameters] LogLevel is 3.=INFO= 
[2026/04/9 20:46:55=INFO= The Registry Key for the game already exists!=INFO= 
[2026/04/9 20:46:55=INFO= [LoadRegistryParameters] LogLevel is 3.=INFO= 
[2026/04/9 20:47:01=INFO= The Registry Key for the game already exists!=INFO= 
[2026/04/9 20:47:01=INFO= [LoadRegistryParameters] LogLevel is 3.=INFO= 
[2026/04/9 20:47:08=INFO= The Registry Key for the game already exists!=INFO= 
[2026/04/9 20:47:08=INFO= [LoadRegistryParameters] LogLevel is 3.=INFO= 
[2026/04/9 20:47:12=INFO= The Registry Key for the game already exists!=INFO= 
[2026/04/9 20:47:12=INFO= [LoadRegistryParameters] LogLevel is 3.=INFO= 
[2026/04/9 20:48:23=INFO= The Registry Key for the game already exists!=INFO= 
[2026/04/9 20:48:23=INFO= [LoadRegistryParameters] LogLevel is 3.=INFO= 
[2026/04/9 20:48:51=INFO= The Registry Key for the game already exists!=INFO= 
[2026/04/9 20:48:51=INFO= [LoadRegistryParameters] LogLevel is 3.=INFO= 
[2026/04/9 20:49:26=INFO= The Registry Key for the game already exists!=INFO= 
[2026/04/9 20:49:26=INFO= [LoadRegistryParameters] LogLevel is 3.=INFO= 
[2026/04/9 20:49:36=INFO= The Registry Key for the game already exists!=INFO= 
[2026/04/9 20:49:36=INFO= [LoadRegistryParameters] LogLevel is 3.=INFO= 
[2026/04/9 20:49:59=INFO= The Registry Key for the game already exists!=INFO= 
[2026/04/9 20:49:59=INFO= [LoadRegistryParameters] LogLevel is 3.=INFO= 
[2026/04/9 20:56:32=INFO= The Registry Key for the game already exists!=INFO= 
[2026/04/9 20:56:32=INFO= [LoadRegistryParameters] LogLevel is 3.=INFO= 
[2026/04/9 20:56:41=INFO= The Registry Key for the game already exists!=INFO= 
[2026/04/9 20:56:41=INFO= [LoadRegistryParameters] LogLevel is 3.=INFO= 
[2026/04/9 20:56:55=INFO= The Registry Key for the game already exists!=INFO= 
[2026/04/9 20:56:55=INFO= [LoadRegistryParameters] LogLevel is 3.=INFO= 
[2026/04/9 20:57:12=INFO= The Registry Key for the game already exists!=INFO= 
[2026/04/9 20:57:12=INFO= [LoadRegistryParameters] LogLevel is 3.=INFO= 
[2026/04/9 20:57:21=INFO= The Registry Key for the game already exists!=INFO= 
[2026/04/9 20:57:21=INFO= [LoadRegistryParameters] LogLevel is 3.=INFO= 
[2026/04/9 20:57:27=INFO= The Registry Key for the game already exists!=INFO= 
[2026/04/9 20:57:27=INFO= [LoadRegistryParameters] LogLevel is 3.=INFO= 
[2026/04/9 20:57:36=INFO= The Registry Key for the game already exists!=INFO= 
[2026/04/9 20:57:36=INFO= [LoadRegistryParameters] LogLevel is 3.=INFO= 
[2026/04/9 20:59:09=INFO= The Registry Key for the game already exists!=INFO= 
[2026/04/9 20:59:09=INFO= [LoadRegistryParameters] LogLevel is 3.=INFO= 
[2026/04/9 21:01:45=INFO= The Registry Key for the game already exists!=INFO= 
[2026/04/9 21:01:45=INFO= [LoadRegistryParameters] LogLevel is 3.=INFO= 
[2026/04/9 21:05:04=INFO= The Registry Key for the game already exists!=INFO= 
[2026/04/9 21:05:04=INFO= [LoadRegistryParameters] LogLevel is 3.=INFO= 
[2026/04/9 21:06:21=INFO= The Registry Key for the game already exists!=INFO= 
[2026/04/9 21:06:21=INFO= [LoadRegistryParameters] LogLevel is 3.=INFO= 
[2026/04/9 21:06:48=INFO= The Registry Key for the game already exists!=INFO= 
[2026/04/9 21:06:48=INFO= [LoadRegistryParameters] LogLevel is 3.=INFO= 
[2026/04/9 21:07:41=INFO= The Registry Key for the game already exists!=INFO= 
[2026/04/9 21:07:41=INFO= [LoadRegistryParameters] LogLevel is 3.=INFO= 
[2026/04/9 21:08:25=INFO= The Registry Key for the game already exists!=INFO= 
[2026/04/9 21:08:25=INFO= [LoadRegistryParameters] LogLevel is 3.=INFO= 
[2026/04/9 21:08:45=INFO= The Registry Key for the game already exists!=INFO= 
[2026/04/9 21:08:45=INFO= [LoadRegistryParameters] LogLevel is 3.=INFO= 
[2026/04/9 21:09:29=INFO= The Registry Key for the game already exists!=INFO= 
[2026/04/9 21:09:29=INFO= [LoadRegistryParameters] LogLevel is 3.=INFO= 
[2026/04/9 21:09:43=INFO= The Registry Key for the game already exists!=INFO= 
[2026/04/9 21:09:43=INFO= [LoadRegistryParameters] LogLevel is 3.=INFO= 
[2026/04/9 21:09:56=INFO= The Registry Key for the game already exists!=INFO= 
[2026/04/9 21:09:56=INFO= [LoadRegistryParameters] LogLevel is 3.=INFO= 
[2026/04/9 21:10:55=INFO= The Registry Key for the game already exists!=INFO= 
[2026/04/9 21:10:55=INFO= [LoadRegistryParameters] LogLevel is 3.=INFO= 
[2026/04/9 21:11:04=INFO= The Registry Key for the game already exists!=INFO= 
[2026/04/9 21:11:04=INFO= [LoadRegistryParameters] LogLevel is 3.=INFO= 
[2026/04/9 21:11:09=INFO= The Registry Key for the game already exists!=INFO= 
[2026/04/9 21:11:09=INFO= [LoadRegistryParameters] LogLevel is 3.=INFO= 
[2026/04/9 21:11:29=INFO= The Registry Key for the game already exists!=INFO= 
[2026/04/9 21:11:29=INFO= [LoadRegistryParameters] LogLevel is 3.=INFO= 
[2026/04/9 21:11:45=INFO= The Registry Key for the game already exists!=INFO= 
[2026/04/9 21:11:45=INFO= [LoadRegistryParameters] LogLevel is 3.=INFO= 
[2026/04/9 21:11:55=INFO= The Registry Key for the game already exists!=INFO= 
[2026/04/9 21:11:55=INFO= [LoadRegistryParameters] LogLevel is 3.=INFO= 
[2026/04/9 21:13:02=INFO= The Registry Key for the game already exists!=INFO= 
[2026/04/9 21:13:02=INFO= [LoadRegistryParameters] LogLevel is 3.=INFO= 
[2026/04/9 21:13:10=INFO= The Registry Key for the game already exists!=INFO= 
[2026/04/9 21:13:10=INFO= [LoadRegistryParameters] LogLevel is 3.=INFO= 
[2026/04/9 21:14:10=INFO= The Registry Key for the game already exists!=INFO= 
[2026/04/9 21:14:10=INFO= [LoadRegistryParameters] LogLevel is 3.=INFO= 
[2026/04/9 21:14:36=INFO= The Registry Key for the game already exists!=INFO= 
[2026/04/9 21:14:36=INFO= [LoadRegistryParameters] LogLevel is 3.=INFO= 
[2026/04/9 21:17:14=INFO= The Registry Key for the game already exists!=INFO= 
[2026/04/9 21:17:14=INFO= [LoadRegistryParameters] LogLevel is 3.=INFO= 
[2026/04/9 21:17:30=INFO= The Registry Key for the game already exists!=INFO= 
[2026/04/9 21:17:30=INFO= [LoadRegistryParameters] LogLevel is 3.=INFO= 
[2026/04/9 21:17:46=INFO= The Registry Key for the game already exists!=INFO= 
[2026/04/9 21:17:46=INFO= [LoadRegistryParameters] LogLevel is 3.=INFO= 
[2026/04/9 21:17:53=INFO= The Registry Key for the game already exists!=INFO= 
[2026/04/9 21:17:53=INFO= [LoadRegistryParameters] LogLevel is 3.=INFO= 
[2026/04/9 21:18:23=INFO= The Registry Key for the game already exists!=INFO= 
[2026/04/9 21:18:23=INFO= [LoadRegistryParameters] LogLevel is 3.=INFO= 
[2026/04/9 21:18:51=INFO= The Registry Key for the game already exists!=INFO= 
[2026/04/9 21:18:51=INFO= [LoadRegistryParameters] LogLevel is 3.=INFO= 
[2026/04/9 21:19:04=INFO= The Registry Key for the game already exists!=INFO= 
[2026/04/9 21:19:04=INFO= [LoadRegistryParameters] LogLevel is 3.=INFO= 
[2026/04/9 21:20:22=INFO= The Registry Key for the game already exists!=INFO= 
[2026/04/9 21:20:22=INFO= [LoadRegistryParameters] LogLevel is 3.=INFO= 
[2026/04/9 21:20:30=INFO= The Registry Key for the game already exists!=INFO= 
[2026/04/9 21:20:30=INFO= [LoadRegistryParameters] LogLevel is 3.=INFO= 
[2026/04/10 20:10:43=INFO= The Registry Key for the game already exists!=INFO= 
[2026/04/10 20:10:43=INFO= [LoadRegistryParameters] LogLevel is 3.=INFO= 
[2026/04/10 20:11:08=INFO= The Registry Key for the game already exists!=INFO= 
[2026/04/10 20:11:08=INFO= [LoadRegistryParameters] LogLevel is 3.=INFO= 
[2026/04/10 20:11:19=INFO= The Registry Key for the game already exists!=INFO= 
[2026/04/10 20:11:19=INFO= [LoadRegistryParameters] LogLevel is 3.=INFO= 
[2026/04/10 20:21:22=INFO= The Registry Key for the game already exists!=INFO= 
[2026/04/10 20:21:22=INFO= [LoadRegistryParameters] LogLevel is 3.=INFO= 
[2026/04/10 20:21:52=INFO= The Registry Key for the game already exists!=INFO= 
[2026/04/10 20:21:52=INFO= [LoadRegistryParameters] LogLevel is 3.=INFO= 
[2026/04/10 20:22:22=INFO= The Registry Key for the game already exists!=INFO= 
[2026/04/10 20:22:22=INFO= [LoadRegistryParameters] LogLevel is 3.=INFO= 
[2026/04/10 20:22:56=INFO= The Registry Key for the game already exists!=INFO= 
[2026/04/10 20:22:56=INFO= [LoadRegistryParameters] LogLevel is 3.=INFO= 
[2026/04/10 20:23:11=INFO= The Registry Key for the game already exists!=INFO= 
[2026/04/10 20:23:11=INFO= [LoadRegistryParameters] LogLevel is 3.=INFO= 
[2026/04/10 20:23:21=INFO= The Registry Key for the game already exists!=INFO= 
[2026/04/10 20:23:21=INFO= [LoadRegistryParameters] LogLevel is 3.=INFO= 
[2026/04/10 22:52:21=INFO= The Registry Key for the game already exists!=INFO= 
[2026/04/10 22:52:21=INFO= [LoadRegistryParameters] LogLevel is 3.=INFO= 
[2026/04/10 22:52:37=INFO= The Registry Key for the game already exists!=INFO= 
[2026/04/10 22:52:37=INFO= [LoadRegistryParameters] LogLevel is 3.=INFO= 
[2026/04/12 15:39:54=INFO= The Registry Key for the game already exists!=INFO= 
[2026/04/12 15:39:54=INFO= [LoadRegistryParameters] LogLevel is 3.=INFO= 
[2026/04/12 18:05:39=INFO= The Registry Key for the game already exists!=INFO= 
[2026/04/12 18:05:39=INFO= [LoadRegistryParameters] LogLevel is 3.=INFO= 
[2026/04/12 18:05:59=INFO= The Registry Key for the game already exists!=INFO= 
[2026/04/12 18:05:59=INFO= [LoadRegistryParameters] LogLevel is 3.=INFO= 
[2026/04/12 18:06:26=INFO= The Registry Key for the game already exists!=INFO= 
[2026/04/12 18:06:28=INFO= [LoadRegistryParameters] LogLevel is 3.=INFO= 
[2026/04/12 18:10:15=INFO= The Registry Key for the game already exists!=INFO= 
[2026/04/12 18:10:17=INFO= [LoadRegistryParameters] LogLevel is 3.=INFO= 
[2026/04/12 18:10:54=INFO= The Registry Key for the game already exists!=INFO= 
[2026/04/12 18:10:54=INFO= [LoadRegistryParameters] LogLevel is 3.=INFO= 
[2026/04/12 18:12:55=INFO= The Registry Key for the game already exists!=INFO= 
[2026/04/12 18:12:55=INFO= [LoadRegistryParameters] LogLevel is 3.=INFO= 
[2026/04/12 18:14:52=INFO= The Registry Key for the game already exists!=INFO= 
[2026/04/12 18:14:52=INFO= [LoadRegistryParameters] LogLevel is 3.=INFO= 
[2026/04/12 18:14:52=INFO= [LoadWavFileFromDisk] Successfully loaded .\Assets\MenuNavigate.wav.=INFO= 
